# JRE version: OpenJDK Runtime Environment (17.0.6) (build 17.0.6+0-b2043.56-9586694)
# Java VM: OpenJDK 64-Bit Server VM (17.0.6+0-b2043.56-9586694, mixed mode, tiered, compressed oops, compressed class ptrs, g1 gc, windows-amd64)
GC Precious Log:
 CPUs: 8 total, 8 available
 Memory: 7990M
 Large Page Support: Disabled
 NUMA Support: Disabled
 Compressed Oops: Enabled (32-bit)
 Heap Region Size: 1M
 Heap Min Capacity: 8M
 Heap Initial Capacity: 126M
 Heap Max Capacity: 2G
 Pre-touch: Disabled
 Parallel Workers: 8
 Concurrent Workers: 2
 Concurrent Refinement Workers: 8
 Periodic GC: Disabled
Heap:
 garbage-first heap   total 198656K, used 82239K [0x0000000080000000, 0x0000000100000000)
  region size 1024K, 30 young (30720K), 2 survivors (2048K)
 Metaspace       used 65338K, committed 65856K, reserved 1114112K
  class space    used 8508K, committed 8704K, reserved 1048576K
GC Heap History (20 events):
Event: 10.521 GC heap before
{Heap before GC invocations=17 (full 0):
 garbage-first heap   total 73728K, used 54831K [0x0000000080000000, 0x0000000100000000)
  region size 1024K, 24 young (24576K), 4 survivors (4096K)
 Metaspace       used 49997K, committed 50432K, reserved 1097728K
  class space    used 6553K, committed 6720K, reserved 1048576K
}
Event: 10.529 GC heap after
{Heap after GC invocations=18 (full 0):
 garbage-first heap   total 73728K, used 38894K [0x0000000080000000, 0x0000000100000000)
  region size 1024K, 3 young (3072K), 3 survivors (3072K)
 Metaspace       used 49997K, committed 50432K, reserved 1097728K
  class space    used 6553K, committed 6720K, reserved 1048576K
}
Event: 10.788 GC heap before
{Heap before GC invocations=19 (full 0):
 garbage-first heap   total 73728K, used 45038K [0x0000000080000000, 0x0000000100000000)
  region size 1024K, 9 young (9216K), 3 survivors (3072K)
 Metaspace       used 50005K, committed 50432K, reserved 1097728K
  class space    used 6553K, committed 6720K, reserved 1048576K
}
Event: 10.792 GC heap after
{Heap after GC invocations=20 (full 0):
 garbage-first heap   total 73728K, used 44950K [0x0000000080000000, 0x0000000100000000)
  region size 1024K, 3 young (3072K), 3 survivors (3072K)
 Metaspace       used 50005K, committed 50432K, reserved 1097728K
  class space    used 6553K, committed 6720K, reserved 1048576K
}
Event: 11.066 GC heap before
{Heap before GC invocations=21 (full 0):
 garbage-first heap   total 80896K, used 56214K [0x0000000080000000, 0x0000000100000000)
  region size 1024K, 13 young (13312K), 3 survivors (3072K)
 Metaspace       used 51185K, committed 51648K, reserved 1097728K
  class space    used 6709K, committed 6912K, reserved 1048576K
}
Event: 11.069 GC heap after
{Heap after GC invocations=22 (full 0):
 garbage-first heap   total 80896K, used 48546K [0x0000000080000000, 0x0000000100000000)
  region size 1024K, 2 young (2048K), 2 survivors (2048K)
 Metaspace       used 51185K, committed 51648K, reserved 1097728K
  class space    used 6709K, committed 6912K, reserved 1048576K
}
Event: 11.349 GC heap before
{Heap before GC invocations=22 (full 0):
 garbage-first heap   total 80896K, used 59810K [0x0000000080000000, 0x0000000100000000)
  region size 1024K, 13 young (13312K), 2 survivors (2048K)
 Metaspace       used 52876K, committed 53376K, reserved 1097728K
  class space    used 6929K, committed 7168K, reserved 1048576K
}
Event: 11.352 GC heap after
{Heap after GC invocations=23 (full 0):
 garbage-first heap   total 80896K, used 48844K [0x0000000080000000, 0x0000000100000000)
  region size 1024K, 1 young (1024K), 1 survivors (1024K)
 Metaspace       used 52876K, committed 53376K, reserved 1097728K
  class space    used 6929K, committed 7168K, reserved 1048576K
}
Event: 11.757 GC heap before
{Heap before GC invocations=24 (full 0):
 garbage-first heap   total 87040K, used 61132K [0x0000000080000000, 0x0000000100000000)
  region size 1024K, 13 young (13312K), 1 survivors (1024K)
 Metaspace       used 54923K, committed 55424K, reserved 1097728K
  class space    used 7203K, committed 7424K, reserved 1048576K
}
Event: 11.760 GC heap after
{Heap after GC invocations=25 (full 0):
 garbage-first heap   total 87040K, used 49469K [0x0000000080000000, 0x0000000100000000)
  region size 1024K, 2 young (2048K), 2 survivors (2048K)
 Metaspace       used 54923K, committed 55424K, reserved 1097728K
  class space    used 7203K, committed 7424K, reserved 1048576K
}
Event: 11.815 GC heap before
{Heap before GC invocations=25 (full 0):
 garbage-first heap   total 87040K, used 51517K [0x0000000080000000, 0x0000000100000000)
  region size 1024K, 4 young (4096K), 2 survivors (2048K)
 Metaspace       used 55221K, committed 55680K, reserved 1097728K
  class space    used 7259K, committed 7424K, reserved 1048576K
}
Event: 11.818 GC heap after
{Heap after GC invocations=26 (full 0):
 garbage-first heap   total 87040K, used 49038K [0x0000000080000000, 0x0000000100000000)
  region size 1024K, 1 young (1024K), 1 survivors (1024K)
 Metaspace       used 55221K, committed 55680K, reserved 1097728K
  class space    used 7259K, committed 7424K, reserved 1048576K
}
Event: 12.184 GC heap before
{Heap before GC invocations=26 (full 0):
 garbage-first heap   total 87040K, used 65422K [0x0000000080000000, 0x0000000100000000)
  region size 1024K, 17 young (17408K), 1 survivors (1024K)
 Metaspace       used 57928K, committed 58432K, reserved 1105920K
  class space    used 7565K, committed 7808K, reserved 1048576K
}
Event: 12.187 GC heap after
{Heap after GC invocations=27 (full 0):
 garbage-first heap   total 87040K, used 49487K [0x0000000080000000, 0x0000000100000000)
  region size 1024K, 1 young (1024K), 1 survivors (1024K)
 Metaspace       used 57928K, committed 58432K, reserved 1105920K
  class space    used 7565K, committed 7808K, reserved 1048576K
}
Event: 12.789 GC heap before
{Heap before GC invocations=28 (full 0):
 garbage-first heap   total 89088K, used 65871K [0x0000000080000000, 0x0000000100000000)
  region size 1024K, 18 young (18432K), 1 survivors (1024K)
 Metaspace       used 61265K, committed 61696K, reserved 1105920K
  class space    used 8003K, committed 8192K, reserved 1048576K
}
Event: 12.795 GC heap after
{Heap after GC invocations=29 (full 0):
 garbage-first heap   total 89088K, used 52867K [0x0000000080000000, 0x0000000100000000)
  region size 1024K, 3 young (3072K), 3 survivors (3072K)
 Metaspace       used 61265K, committed 61696K, reserved 1105920K
  class space    used 8003K, committed 8192K, reserved 1048576K
}
Event: 12.801 GC heap before
{Heap before GC invocations=29 (full 0):
 garbage-first heap   total 89088K, used 53891K [0x0000000080000000, 0x0000000100000000)
  region size 1024K, 4 young (4096K), 3 survivors (3072K)
 Metaspace       used 61265K, committed 61696K, reserved 1105920K
  class space    used 8003K, committed 8192K, reserved 1048576K
}
Event: 12.810 GC heap after
{Heap after GC invocations=30 (full 0):
 garbage-first heap   total 89088K, used 53806K [0x0000000080000000, 0x0000000100000000)
  region size 1024K, 1 young (1024K), 1 survivors (1024K)
 Metaspace       used 61265K, committed 61696K, reserved 1105920K
  class space    used 8003K, committed 8192K, reserved 1048576K
}
Event: 13.133 GC heap before
{Heap before GC invocations=30 (full 0):
 garbage-first heap   total 89088K, used 68142K [0x0000000080000000, 0x0000000100000000)
  region size 1024K, 16 young (16384K), 1 survivors (1024K)
 Metaspace       used 62859K, committed 63424K, reserved 1105920K
  class space    used 8209K, committed 8448K, reserved 1048576K
}
Event: 13.137 GC heap after
{Heap after GC invocations=31 (full 0):
 garbage-first heap   total 198656K, used 54591K [0x0000000080000000, 0x0000000100000000)
  region size 1024K, 2 young (2048K), 2 survivors (2048K)
 Metaspace       used 62859K, committed 63424K, reserved 1105920K
  class space    used 8209K, committed 8448K, reserved 1048576K
}

